<?xml version="1.0" encoding="UTF-8"?>
<!-- Generated by org.testng.reporters.JUnitXMLReporter -->
<testsuite ignored="0" hostname="LAPTOP-G5AM45TG" failures="0" tests="4" name="Default test" time="9.352" errors="0" timestamp="2024-10-04T15:25:31 NPT">
  <testcase classname="api.tests.UserTests2" name="testPostUser" time="3.47"/>
  <testcase classname="api.tests.UserTests2" name="testGetUserByName" time="1.218"/>
  <testcase classname="api.tests.UserTests2" name="testUpdateUserByName" time="2.595"/>
  <testcase classname="api.tests.UserTests2" name="testDeleteUserByName" time="1.195"/>
</testsuite> <!-- Default test -->
