<?xml version="1.0" encoding="UTF-8"?>
<testng-results ignored="0" total="4" passed="4" failed="0" skipped="0">
  <reporter-output>
  </reporter-output>
  <suite started-at="2024-12-19T16:15:28 NPT" name="PetSuite" finished-at="2024-12-19T16:15:38 NPT" duration-ms="10106">
    <groups>
    </groups>
    <test started-at="2024-12-19T16:15:28 NPT" name="PetTests" finished-at="2024-12-19T16:15:38 NPT" duration-ms="10106">
      <class name="api.tests.UserTests2">
        <test-method is-config="true" signature="setupData()[pri:0, instance:api.tests.UserTests2@6356695f]" started-at="2024-12-19T16:15:29 NPT" name="setupData" finished-at="2024-12-19T16:15:29 NPT" duration-ms="776" status="PASS">
          <reporter-output>
          </reporter-output>
        </test-method> <!-- setupData -->
        <test-method signature="testPostUser()[pri:1, instance:api.tests.UserTests2@6356695f]" started-at="2024-12-19T16:15:29 NPT" name="testPostUser" finished-at="2024-12-19T16:15:33 NPT" duration-ms="3559" status="PASS">
          <reporter-output>
          </reporter-output>
        </test-method> <!-- testPostUser -->
        <test-method signature="testGetUserByName()[pri:2, instance:api.tests.UserTests2@6356695f]" started-at="2024-12-19T16:15:33 NPT" name="testGetUserByName" finished-at="2024-12-19T16:15:34 NPT" duration-ms="1276" status="PASS">
          <reporter-output>
          </reporter-output>
        </test-method> <!-- testGetUserByName -->
        <test-method signature="testUpdateUserByName()[pri:3, instance:api.tests.UserTests2@6356695f]" started-at="2024-12-19T16:15:34 NPT" name="testUpdateUserByName" finished-at="2024-12-19T16:15:37 NPT" duration-ms="2682" status="PASS">
          <reporter-output>
          </reporter-output>
        </test-method> <!-- testUpdateUserByName -->
        <test-method signature="testDeleteUserByName()[pri:4, instance:api.tests.UserTests2@6356695f]" started-at="2024-12-19T16:15:37 NPT" name="testDeleteUserByName" finished-at="2024-12-19T16:15:38 NPT" duration-ms="1431" status="PASS">
          <reporter-output>
          </reporter-output>
        </test-method> <!-- testDeleteUserByName -->
      </class> <!-- api.tests.UserTests2 -->
    </test> <!-- PetTests -->
  </suite> <!-- PetSuite -->
</testng-results>
