<?xml version="1.0" encoding="UTF-8"?>
<testng-results ignored="0" total="4" passed="4" failed="0" skipped="0">
  <reporter-output>
  </reporter-output>
  <suite started-at="2024-12-17T17:05:43 NPT" name="PetSuite" finished-at="2024-12-17T17:05:58 NPT" duration-ms="14955">
    <groups>
    </groups>
    <test started-at="2024-12-17T17:05:43 NPT" name="PetTests" finished-at="2024-12-17T17:05:58 NPT" duration-ms="14955">
      <class name="api.tests.UserTests2">
        <test-method is-config="true" signature="setupData()[pri:0, instance:api.tests.UserTests2@6356695f]" started-at="2024-12-17T17:05:43 NPT" name="setupData" finished-at="2024-12-17T17:05:44 NPT" duration-ms="793" status="PASS">
          <reporter-output>
          </reporter-output>
        </test-method> <!-- setupData -->
        <test-method signature="testPostUser()[pri:1, instance:api.tests.UserTests2@6356695f]" started-at="2024-12-17T17:05:44 NPT" name="testPostUser" finished-at="2024-12-17T17:05:49 NPT" duration-ms="5137" status="PASS">
          <reporter-output>
          </reporter-output>
        </test-method> <!-- testPostUser -->
        <test-method signature="testGetUserByName()[pri:2, instance:api.tests.UserTests2@6356695f]" started-at="2024-12-17T17:05:49 NPT" name="testGetUserByName" finished-at="2024-12-17T17:05:51 NPT" duration-ms="2189" status="PASS">
          <reporter-output>
          </reporter-output>
        </test-method> <!-- testGetUserByName -->
        <test-method signature="testUpdateUserByName()[pri:3, instance:api.tests.UserTests2@6356695f]" started-at="2024-12-17T17:05:51 NPT" name="testUpdateUserByName" finished-at="2024-12-17T17:05:56 NPT" duration-ms="4506" status="PASS">
          <reporter-output>
          </reporter-output>
        </test-method> <!-- testUpdateUserByName -->
        <test-method signature="testDeleteUserByName()[pri:4, instance:api.tests.UserTests2@6356695f]" started-at="2024-12-17T17:05:56 NPT" name="testDeleteUserByName" finished-at="2024-12-17T17:05:58 NPT" duration-ms="1993" status="PASS">
          <reporter-output>
          </reporter-output>
        </test-method> <!-- testDeleteUserByName -->
      </class> <!-- api.tests.UserTests2 -->
    </test> <!-- PetTests -->
  </suite> <!-- PetSuite -->
</testng-results>
