<?xml version="1.0" encoding="UTF-8"?>
<!-- Generated by org.testng.reporters.JUnitXMLReporter -->
<testsuite ignored="0" hostname="LAPTOP-G5AM45TG" failures="0" tests="4" name="PetTests" time="14.955" errors="0" timestamp="2024-12-17T17:05:59 NPT">
  <testcase classname="api.tests.UserTests2" name="testPostUser" time="5.137"/>
  <testcase classname="api.tests.UserTests2" name="testGetUserByName" time="2.189"/>
  <testcase classname="api.tests.UserTests2" name="testUpdateUserByName" time="4.506"/>
  <testcase classname="api.tests.UserTests2" name="testDeleteUserByName" time="1.993"/>
</testsuite> <!-- PetTests -->
