<?xml version="1.0" encoding="UTF-8"?>
<!-- Generated by org.testng.reporters.JUnitXMLReporter -->
<testsuite ignored="0" hostname="LAPTOP-G5AM45TG" failures="0" tests="4" name="PetTests" time="10.106" errors="0" timestamp="2024-12-19T16:15:39 NPT">
  <testcase classname="api.tests.UserTests2" name="testPostUser" time="3.559"/>
  <testcase classname="api.tests.UserTests2" name="testGetUserByName" time="1.276"/>
  <testcase classname="api.tests.UserTests2" name="testUpdateUserByName" time="2.682"/>
  <testcase classname="api.tests.UserTests2" name="testDeleteUserByName" time="1.431"/>
</testsuite> <!-- PetTests -->
