<?xml version="1.0" encoding="UTF-8"?>
<!-- Generated by org.testng.reporters.JUnitXMLReporter -->
<testsuite ignored="0" hostname="LAPTOP-G5AM45TG" failures="0" tests="4" name="PetTests" time="10.499" errors="0" timestamp="2024-12-17T13:28:09 NPT">
  <testcase classname="api.tests.UserTests2" name="testPostUser" time="3.515"/>
  <testcase classname="api.tests.UserTests2" name="testGetUserByName" time="1.502"/>
  <testcase classname="api.tests.UserTests2" name="testUpdateUserByName" time="2.995"/>
  <testcase classname="api.tests.UserTests2" name="testDeleteUserByName" time="1.483"/>
</testsuite> <!-- PetTests -->
